-------------------------------------------------------------------------------
Test set: com.loizenai.jwtauthentication.SpringBootJwtAuthenticationExamplesApplicationTests
-------------------------------------------------------------------------------
Tests run: 1, Failures: 0, Errors: 1, Skipped: 0, Time elapsed: 1.454 s <<< FAILURE! - in com.loizenai.jwtauthentication.SpringBootJwtAuthenticationExamplesApplicationTests
com.loizenai.jwtauthentication.SpringBootJwtAuthenticationExamplesApplicationTests  Time elapsed: 1.443 s  <<< ERROR!
java.lang.IllegalStateException: Unable to find a @SpringBootConfiguration, you need to use @ContextConfiguration or @SpringBootTest(classes=...) with your test

