<?xml version="1.0" encoding="UTF-8"?>
<testsuite xmlns:xsi="http://www.w3.org/2001/XMLSchema-instance" xsi:noNamespaceSchemaLocation="https://maven.apache.org/surefire/maven-surefire-plugin/xsd/surefire-test-report.xsd" name="com.loizenai.jwtauthentication.SpringBootJwtAuthenticationExamplesApplicationTests" time="1.454" tests="1" errors="1" skipped="0" failures="0">
  <properties>
[...]
</properties>
  <testcase name="com.loizenai.jwtauthentication.SpringBootJwtAuthenticationExamplesApplicationTests" classname="com.loizenai.jwtauthentication.SpringBootJwtAuthenticationExamplesApplicationTests" time="1.443">
    <error message="Unable to find a @SpringBootConfiguration, you need to use @ContextConfiguration or @SpringBootTest(classes=...) with your test" type="java.lang.IllegalStateException">java.lang.IllegalStateException: Unable to find a @SpringBootConfiguration, you need to use @ContextConfiguration or @SpringBootTest(classes=...) with your test
</error>
    <system-out><![CDATA[17:51:12.596 [main] DEBUG org.springframework.test.context.BootstrapUtils - Instantiating CacheAwareContextLoaderDelegate from class [org.springframework.test.context.cache.DefaultCacheAwareContextLoaderDelegate]
17:51:12.651 [main] DEBUG org.springframework.test.context.BootstrapUtils - Instantiating BootstrapContext using constructor [public org.springframework.test.context.support.DefaultBootstrapContext(java.lang.Class,org.springframework.test.context.CacheAwareContextLoaderDelegate)]
17:51:12.814 [main] DEBUG org.springframework.test.context.BootstrapUtils - Instantiating TestContextBootstrapper for test class [com.loizenai.jwtauthentication.SpringBootJwtAuthenticationExamplesApplicationTests] from class [org.springframework.boot.test.context.SpringBootTestContextBootstrapper]
17:51:12.901 [main] INFO org.springframework.boot.test.context.SpringBootTestContextBootstrapper - Neither @ContextConfiguration nor @ContextHierarchy found for test class [com.loizenai.jwtauthentication.SpringBootJwtAuthenticationExamplesApplicationTests], using SpringBootContextLoader
17:51:12.918 [main] DEBUG org.springframework.test.context.support.AbstractContextLoader - Did not detect default resource location for test class [com.loizenai.jwtauthentication.SpringBootJwtAuthenticationExamplesApplicationTests]: class path resource [com/loizenai/jwtauthentication/SpringBootJwtAuthenticationExamplesApplicationTests-context.xml] does not exist
17:51:12.921 [main] DEBUG org.springframework.test.context.support.AbstractContextLoader - Did not detect default resource location for test class [com.loizenai.jwtauthentication.SpringBootJwtAuthenticationExamplesApplicationTests]: class path resource [com/loizenai/jwtauthentication/SpringBootJwtAuthenticationExamplesApplicationTestsContext.groovy] does not exist
17:51:12.922 [main] INFO org.springframework.test.context.support.AbstractContextLoader - Could not detect default resource locations for test class [com.loizenai.jwtauthentication.SpringBootJwtAuthenticationExamplesApplicationTests]: no resource found for suffixes {-context.xml, Context.groovy}.
17:51:12.930 [main] INFO org.springframework.test.context.support.AnnotationConfigContextLoaderUtils - Could not detect default configuration classes for test class [com.loizenai.jwtauthentication.SpringBootJwtAuthenticationExamplesApplicationTests]: SpringBootJwtAuthenticationExamplesApplicationTests does not declare any static, non-private, non-final, nested classes annotated with @Configuration.
17:51:13.113 [main] DEBUG org.springframework.test.context.support.ActiveProfilesUtils - Could not find an 'annotation declaring class' for annotation type [org.springframework.test.context.ActiveProfiles] and class [com.loizenai.jwtauthentication.SpringBootJwtAuthenticationExamplesApplicationTests]
17:51:13.383 [main] DEBUG org.springframework.test.context.BootstrapUtils - Instantiating CacheAwareContextLoaderDelegate from class [org.springframework.test.context.cache.DefaultCacheAwareContextLoaderDelegate]
17:51:13.384 [main] DEBUG org.springframework.test.context.BootstrapUtils - Instantiating BootstrapContext using constructor [public org.springframework.test.context.support.DefaultBootstrapContext(java.lang.Class,org.springframework.test.context.CacheAwareContextLoaderDelegate)]
17:51:13.385 [main] DEBUG org.springframework.test.context.BootstrapUtils - Instantiating TestContextBootstrapper for test class [com.loizenai.jwtauthentication.SpringBootJwtAuthenticationExamplesApplicationTests] from class [org.springframework.boot.test.context.SpringBootTestContextBootstrapper]
17:51:13.387 [main] INFO org.springframework.boot.test.context.SpringBootTestContextBootstrapper - Neither @ContextConfiguration nor @ContextHierarchy found for test class [com.loizenai.jwtauthentication.SpringBootJwtAuthenticationExamplesApplicationTests], using SpringBootContextLoader
17:51:13.390 [main] DEBUG org.springframework.test.context.support.AbstractContextLoader - Did not detect default resource location for test class [com.loizenai.jwtauthentication.SpringBootJwtAuthenticationExamplesApplicationTests]: class path resource [com/loizenai/jwtauthentication/SpringBootJwtAuthenticationExamplesApplicationTests-context.xml] does not exist
17:51:13.392 [main] DEBUG org.springframework.test.context.support.AbstractContextLoader - Did not detect default resource location for test class [com.loizenai.jwtauthentication.SpringBootJwtAuthenticationExamplesApplicationTests]: class path resource [com/loizenai/jwtauthentication/SpringBootJwtAuthenticationExamplesApplicationTestsContext.groovy] does not exist
17:51:13.396 [main] INFO org.springframework.test.context.support.AbstractContextLoader - Could not detect default resource locations for test class [com.loizenai.jwtauthentication.SpringBootJwtAuthenticationExamplesApplicationTests]: no resource found for suffixes {-context.xml, Context.groovy}.
17:51:13.399 [main] INFO org.springframework.test.context.support.AnnotationConfigContextLoaderUtils - Could not detect default configuration classes for test class [com.loizenai.jwtauthentication.SpringBootJwtAuthenticationExamplesApplicationTests]: SpringBootJwtAuthenticationExamplesApplicationTests does not declare any static, non-private, non-final, nested classes annotated with @Configuration.
17:51:13.405 [main] DEBUG org.springframework.test.context.support.ActiveProfilesUtils - Could not find an 'annotation declaring class' for annotation type [org.springframework.test.context.ActiveProfiles] and class [com.loizenai.jwtauthentication.SpringBootJwtAuthenticationExamplesApplicationTests]
17:51:13.538 [main] DEBUG org.springframework.test.context.BootstrapUtils - Instantiating CacheAwareContextLoaderDelegate from class [org.springframework.test.context.cache.DefaultCacheAwareContextLoaderDelegate]
17:51:13.539 [main] DEBUG org.springframework.test.context.BootstrapUtils - Instantiating BootstrapContext using constructor [public org.springframework.test.context.support.DefaultBootstrapContext(java.lang.Class,org.springframework.test.context.CacheAwareContextLoaderDelegate)]
17:51:13.543 [main] DEBUG org.springframework.test.context.BootstrapUtils - Instantiating TestContextBootstrapper for test class [com.loizenai.jwtauthentication.SpringBootJwtAuthenticationExamplesApplicationTests] from class [org.springframework.boot.test.context.SpringBootTestContextBootstrapper]
17:51:13.551 [main] INFO org.springframework.boot.test.context.SpringBootTestContextBootstrapper - Neither @ContextConfiguration nor @ContextHierarchy found for test class [com.loizenai.jwtauthentication.SpringBootJwtAuthenticationExamplesApplicationTests], using SpringBootContextLoader
17:51:13.562 [main] DEBUG org.springframework.test.context.support.AbstractContextLoader - Did not detect default resource location for test class [com.loizenai.jwtauthentication.SpringBootJwtAuthenticationExamplesApplicationTests]: class path resource [com/loizenai/jwtauthentication/SpringBootJwtAuthenticationExamplesApplicationTests-context.xml] does not exist
17:51:13.566 [main] DEBUG org.springframework.test.context.support.AbstractContextLoader - Did not detect default resource location for test class [com.loizenai.jwtauthentication.SpringBootJwtAuthenticationExamplesApplicationTests]: class path resource [com/loizenai/jwtauthentication/SpringBootJwtAuthenticationExamplesApplicationTestsContext.groovy] does not exist
17:51:13.570 [main] INFO org.springframework.test.context.support.AbstractContextLoader - Could not detect default resource locations for test class [com.loizenai.jwtauthentication.SpringBootJwtAuthenticationExamplesApplicationTests]: no resource found for suffixes {-context.xml, Context.groovy}.
17:51:13.579 [main] INFO org.springframework.test.context.support.AnnotationConfigContextLoaderUtils - Could not detect default configuration classes for test class [com.loizenai.jwtauthentication.SpringBootJwtAuthenticationExamplesApplicationTests]: SpringBootJwtAuthenticationExamplesApplicationTests does not declare any static, non-private, non-final, nested classes annotated with @Configuration.
17:51:13.591 [main] DEBUG org.springframework.test.context.support.ActiveProfilesUtils - Could not find an 'annotation declaring class' for annotation type [org.springframework.test.context.ActiveProfiles] and class [com.loizenai.jwtauthentication.SpringBootJwtAuthenticationExamplesApplicationTests]
]]></system-out>
  </testcase>
</testsuite>